D:\RBS Workstation\Plan & Profile\B2 Cantonment\Cantonment Profile.dwg,A08-03-01,3/28/2023 2:19:56 PM,User,_DWG To PDF.pc3,ISO full bleed A3 (420.00 x 297.00 MM),1:1,
D:\RBS Workstation\Plan & Profile\B2 Cantonment\Cantonment Profile.dwg,A08-03-02,3/28/2023 2:19:59 PM,User,_DWG To PDF.pc3,ISO full bleed A3 (420.00 x 297.00 MM),1:1,
D:\RBS Workstation\Plan & Profile\B2 Cantonment\Cantonment Profile.dwg,A08-03-03,3/28/2023 2:20:05 PM,User,_DWG To PDF.pc3,ISO full bleed A3 (420.00 x 297.00 MM),1:1,
D:\RBS Workstation\Plan & Profile\B2 Cantonment\Cantonment Profile.dwg,A08-03-03-01,3/28/2023 2:20:10 PM,User,_DWG To PDF.pc3,ISO full bleed A3 (420.00 x 297.00 MM),1:1,
D:\RBS Workstation\Plan & Profile\B2 Cantonment\Cantonment Profile.dwg,A08-03-03-02,3/28/2023 2:20:14 PM,User,_DWG To PDF.pc3,ISO full bleed A3 (420.00 x 297.00 MM),1:1,
D:\RBS Workstation\Plan & Profile\B2 Cantonment\Cantonment Profile.dwg,A08-03-03-03,3/28/2023 2:20:20 PM,User,_DWG To PDF.pc3,ISO full bleed A3 (420.00 x 297.00 MM),1:1,
D:\RBS Workstation\Plan & Profile\B2 Cantonment\Cantonment Profile.dwg,A08-03-04,3/28/2023 2:20:25 PM,User,_DWG To PDF.pc3,ISO full bleed A3 (420.00 x 297.00 MM),1:1,
D:\RBS Workstation\Plan & Profile\B2 Cantonment\Cantonment Profile.dwg,A08-03-04-01,3/28/2023 2:20:30 PM,User,_DWG To PDF.pc3,ISO full bleed A3 (420.00 x 297.00 MM),1:1,
D:\RBS Workstation\Plan & Profile\B2 Cantonment\Cantonment Profile.dwg,A08-03-04-01-02,3/28/2023 2:20:35 PM,User,_DWG To PDF.pc3,ISO full bleed A3 (420.00 x 297.00 MM),1:1,
D:\RBS Workstation\Plan & Profile\B2 Cantonment\Cantonment Profile.dwg,A08-03-04-02,3/28/2023 2:20:40 PM,User,_DWG To PDF.pc3,ISO full bleed A3 (420.00 x 297.00 MM),1:1,
D:\RBS Workstation\Plan & Profile\B2 Cantonment\Cantonment Profile.dwg,A08-03-04-03,3/28/2023 2:20:45 PM,User,_DWG To PDF.pc3,ISO full bleed A3 (420.00 x 297.00 MM),1:1,
D:\RBS Workstation\Plan & Profile\B2 Cantonment\Cantonment Profile.dwg,A08-03-04-04,3/28/2023 2:20:50 PM,User,_DWG To PDF.pc3,ISO full bleed A3 (420.00 x 297.00 MM),1:1,
D:\RBS Workstation\Plan & Profile\B2 Cantonment\Cantonment Profile.dwg,A08-03-04-05,3/28/2023 2:20:55 PM,User,_DWG To PDF.pc3,ISO full bleed A3 (420.00 x 297.00 MM),1:1,
D:\RBS Workstation\Plan & Profile\B2 Cantonment\Cantonment Profile.dwg,A08-03-04-06,3/28/2023 2:21:00 PM,User,_DWG To PDF.pc3,ISO full bleed A3 (420.00 x 297.00 MM),1:1,
D:\RBS Workstation\Plan & Profile\B2 Cantonment\Cantonment Profile.dwg,A08-03-04-07,3/28/2023 2:21:05 PM,User,_DWG To PDF.pc3,ISO full bleed A3 (420.00 x 297.00 MM),1:1,
D:\RBS Workstation\Plan & Profile\B2 Cantonment\Cantonment Profile.dwg,A08-03-04-08,3/28/2023 2:21:10 PM,User,_DWG To PDF.pc3,ISO full bleed A3 (420.00 x 297.00 MM),1:1,
D:\RBS Workstation\Plan & Profile\B2 Cantonment\Cantonment Profile.dwg,A08-03-04-08-01,3/28/2023 2:21:15 PM,User,_DWG To PDF.pc3,ISO full bleed A3 (420.00 x 297.00 MM),1:1,
D:\RBS Workstation\Plan & Profile\B2 Cantonment\Cantonment Profile.dwg,A08-03-04-08-02,3/28/2023 2:21:20 PM,User,_DWG To PDF.pc3,ISO full bleed A3 (420.00 x 297.00 MM),1:1,
D:\RBS Workstation\Plan & Profile\B2 Cantonment\Cantonment Profile.dwg,A08-03-04-08-03,3/28/2023 2:21:25 PM,User,_DWG To PDF.pc3,ISO full bleed A3 (420.00 x 297.00 MM),1:1,
D:\RBS Workstation\Plan & Profile\B2 Cantonment\Cantonment Profile.dwg,A08-03-04-08-04,3/28/2023 2:21:30 PM,User,_DWG To PDF.pc3,ISO full bleed A3 (420.00 x 297.00 MM),1:1,
D:\RBS Workstation\Plan & Profile\B2 Cantonment\Cantonment Profile.dwg,A08-03-04-08-04-01,3/28/2023 2:21:35 PM,User,_DWG To PDF.pc3,ISO full bleed A3 (420.00 x 297.00 MM),1:1,
D:\RBS Workstation\Plan & Profile\B2 Cantonment\Cantonment Profile.dwg,A08-03-04-08-05,3/28/2023 2:21:40 PM,User,_DWG To PDF.pc3,ISO full bleed A3 (420.00 x 297.00 MM),1:1,
D:\RBS Workstation\Plan & Profile\B2 Cantonment\Cantonment Profile.dwg,A08-03-05,3/28/2023 2:21:45 PM,User,_DWG To PDF.pc3,ISO full bleed A3 (420.00 x 297.00 MM),1:1,
D:\RBS Workstation\Plan & Profile\B2 Cantonment\Cantonment Profile.dwg,A08-03-05-01,3/28/2023 2:21:50 PM,User,_DWG To PDF.pc3,ISO full bleed A3 (420.00 x 297.00 MM),1:1,
D:\RBS Workstation\Plan & Profile\B2 Cantonment\Cantonment Profile.dwg,A08-03-05-02,3/28/2023 2:21:55 PM,User,_DWG To PDF.pc3,ISO full bleed A3 (420.00 x 297.00 MM),1:1,
D:\RBS Workstation\Plan & Profile\B2 Cantonment\Cantonment Profile.dwg,A08-03-06,3/28/2023 2:22:00 PM,User,_DWG To PDF.pc3,ISO full bleed A3 (420.00 x 297.00 MM),1:1,
D:\RBS Workstation\Plan & Profile\B2 Cantonment\Cantonment Profile.dwg,A08-03-06-01-01,3/28/2023 2:22:05 PM,User,_DWG To PDF.pc3,ISO full bleed A3 (420.00 x 297.00 MM),1:1,
D:\RBS Workstation\Plan & Profile\B2 Cantonment\Cantonment Profile.dwg,A08-03-06-02,3/28/2023 2:22:10 PM,User,_DWG To PDF.pc3,ISO full bleed A3 (420.00 x 297.00 MM),1:1,
D:\RBS Workstation\Plan & Profile\B2 Cantonment\Cantonment Profile.dwg,A08-03-06-03,3/28/2023 2:22:15 PM,User,_DWG To PDF.pc3,ISO full bleed A3 (420.00 x 297.00 MM),1:1,
D:\RBS Workstation\Plan & Profile\B2 Cantonment\Cantonment Profile.dwg,A08-03-06-04,3/28/2023 2:22:20 PM,User,_DWG To PDF.pc3,ISO full bleed A3 (420.00 x 297.00 MM),1:1,
D:\RBS Workstation\Plan & Profile\B2 Cantonment\Cantonment Profile.dwg,A08-03-06-06-01,3/28/2023 2:22:25 PM,User,_DWG To PDF.pc3,ISO full bleed A3 (420.00 x 297.00 MM),1:1,
D:\RBS Workstation\Plan & Profile\B2 Cantonment\Cantonment Profile.dwg,A08-03-07,3/28/2023 2:22:30 PM,User,_DWG To PDF.pc3,ISO full bleed A3 (420.00 x 297.00 MM),1:1,
D:\RBS Workstation\Plan & Profile\B2 Cantonment\Cantonment Profile.dwg,A08-03-08,3/28/2023 2:22:35 PM,User,_DWG To PDF.pc3,ISO full bleed A3 (420.00 x 297.00 MM),1:1,
D:\RBS Workstation\Plan & Profile\B2 Cantonment\Cantonment Profile.dwg,A08-03-08-01,3/28/2023 2:22:40 PM,User,_DWG To PDF.pc3,ISO full bleed A3 (420.00 x 297.00 MM),1:1,
D:\RBS Workstation\Plan & Profile\B2 Cantonment\Cantonment Profile.dwg,A08-03-08-02,3/28/2023 2:22:45 PM,User,_DWG To PDF.pc3,ISO full bleed A3 (420.00 x 297.00 MM),1:1,
D:\RBS Workstation\Plan & Profile\B2 Cantonment\Cantonment Profile.dwg,A08-03-09,3/28/2023 2:22:50 PM,User,_DWG To PDF.pc3,ISO full bleed A3 (420.00 x 297.00 MM),1:1,
D:\RBS Workstation\Plan & Profile\B2 Cantonment\Cantonment Profile.dwg,A08-03-09-01,3/28/2023 2:22:55 PM,User,_DWG To PDF.pc3,ISO full bleed A3 (420.00 x 297.00 MM),1:1,
D:\RBS Workstation\Plan & Profile\B2 Cantonment\Cantonment Profile.dwg,A08-03-09-02,3/28/2023 2:23:00 PM,User,_DWG To PDF.pc3,ISO full bleed A3 (420.00 x 297.00 MM),1:1,
D:\RBS Workstation\Plan & Profile\B2 Cantonment\Cantonment Profile.dwg,A08-03-09-02-01,3/28/2023 2:23:05 PM,User,_DWG To PDF.pc3,ISO full bleed A3 (420.00 x 297.00 MM),1:1,
D:\RBS Workstation\Plan & Profile\B2 Cantonment\Cantonment Profile.dwg,A08-03-09-03,3/28/2023 2:23:10 PM,User,_DWG To PDF.pc3,ISO full bleed A3 (420.00 x 297.00 MM),1:1,
D:\RBS Workstation\Plan & Profile\B2 Cantonment\Cantonment Profile.dwg,A08-03-09-04,3/28/2023 2:23:15 PM,User,_DWG To PDF.pc3,ISO full bleed A3 (420.00 x 297.00 MM),1:1,
D:\RBS Workstation\Plan & Profile\B2 Cantonment\Cantonment Profile.dwg,A08-03-09-04-01,3/28/2023 2:23:20 PM,User,_DWG To PDF.pc3,ISO full bleed A3 (420.00 x 297.00 MM),1:1,
D:\RBS Workstation\Plan & Profile\B2 Cantonment\Cantonment Profile.dwg,A08-03-09-04-02,3/28/2023 2:23:25 PM,User,_DWG To PDF.pc3,ISO full bleed A3 (420.00 x 297.00 MM),1:1,
D:\RBS Workstation\Plan & Profile\B2 Cantonment\Cantonment Profile.dwg,A08-03-09-05,3/28/2023 2:23:30 PM,User,_DWG To PDF.pc3,ISO full bleed A3 (420.00 x 297.00 MM),1:1,
D:\RBS Workstation\Plan & Profile\B2 Cantonment\Cantonment Profile.dwg,A08-03-09-05-01,3/28/2023 2:23:35 PM,User,_DWG To PDF.pc3,ISO full bleed A3 (420.00 x 297.00 MM),1:1,
D:\RBS Workstation\Plan & Profile\B2 Cantonment\Cantonment Profile.dwg,A08-03-09-05-02,3/28/2023 2:23:40 PM,User,_DWG To PDF.pc3,ISO full bleed A3 (420.00 x 297.00 MM),1:1,
D:\RBS Workstation\Plan & Profile\B2 Cantonment\Cantonment Profile.dwg,A08-03-09-05-03,3/28/2023 2:23:45 PM,User,_DWG To PDF.pc3,ISO full bleed A3 (420.00 x 297.00 MM),1:1,
D:\RBS Workstation\Plan & Profile\B2 Cantonment\Cantonment Profile.dwg,A08-03-09-06,3/28/2023 2:23:50 PM,User,_DWG To PDF.pc3,ISO full bleed A3 (420.00 x 297.00 MM),1:1,
D:\RBS Workstation\Plan & Profile\B2 Cantonment\Cantonment Profile.dwg,A08-03-09-07,3/28/2023 2:23:55 PM,User,_DWG To PDF.pc3,ISO full bleed A3 (420.00 x 297.00 MM),1:1,
D:\RBS Workstation\Plan & Profile\B2 Cantonment\Cantonment Profile.dwg,A08-03-09-08,3/28/2023 2:24:00 PM,User,_DWG To PDF.pc3,ISO full bleed A3 (420.00 x 297.00 MM),1:1,
D:\RBS Workstation\Plan & Profile\B2 Cantonment\Cantonment Profile.dwg,A08-03-09-09,3/28/2023 2:24:05 PM,User,_DWG To PDF.pc3,ISO full bleed A3 (420.00 x 297.00 MM),1:1,
D:\RBS Workstation\Plan & Profile\B2 Cantonment\Cantonment Profile.dwg,A08-03-09-10,3/28/2023 2:24:10 PM,User,_DWG To PDF.pc3,ISO full bleed A3 (420.00 x 297.00 MM),1:1,
D:\RBS Workstation\Plan & Profile\B2 Cantonment\Cantonment Profile.dwg,A08-03-10,3/28/2023 2:24:15 PM,User,_DWG To PDF.pc3,ISO full bleed A3 (420.00 x 297.00 MM),1:1,
D:\RBS Workstation\Plan & Profile\B2 Cantonment\Cantonment Profile.dwg,A08-03-11,3/28/2023 2:24:20 PM,User,_DWG To PDF.pc3,ISO full bleed A3 (420.00 x 297.00 MM),1:1,
D:\RBS Workstation\Plan & Profile\B2 Cantonment\Cantonment Profile.dwg,A08-03-12,3/28/2023 2:24:25 PM,User,_DWG To PDF.pc3,ISO full bleed A3 (420.00 x 297.00 MM),1:1,
D:\RBS Workstation\Plan & Profile\B2 Cantonment\Cantonment Profile.dwg,A08-03-13,3/28/2023 2:24:30 PM,User,_DWG To PDF.pc3,ISO full bleed A3 (420.00 x 297.00 MM),1:1,
D:\RBS Workstation\Plan & Profile\B2 Cantonment\Cantonment Profile.dwg,A08-03-14,3/28/2023 2:24:35 PM,User,_DWG To PDF.pc3,ISO full bleed A3 (420.00 x 297.00 MM),1:1,
D:\RBS Workstation\Plan & Profile\B2 Cantonment\Cantonment Profile.dwg,A08-03-16 -01,3/28/2023 2:24:40 PM,User,_DWG To PDF.pc3,ISO full bleed A3 (420.00 x 297.00 MM),1:1,
D:\RBS Workstation\Plan & Profile\B2 Cantonment\Cantonment Profile.dwg,A08-03-16 -01-01,3/28/2023 2:24:45 PM,User,_DWG To PDF.pc3,ISO full bleed A3 (420.00 x 297.00 MM),1:1,
D:\RBS Workstation\Plan & Profile\B2 Cantonment\Cantonment Profile.dwg,A08-03-16 -02,3/28/2023 2:24:50 PM,User,_DWG To PDF.pc3,ISO full bleed A3 (420.00 x 297.00 MM),1:1,
D:\RBS Workstation\Plan & Profile\B2 Cantonment\Cantonment Profile.dwg,A08-03-16 -02-01,3/28/2023 2:24:55 PM,User,_DWG To PDF.pc3,ISO full bleed A3 (420.00 x 297.00 MM),1:1,
D:\RBS Workstation\Plan & Profile\B2 Cantonment\Cantonment Profile.dwg,A08-03-16 -03,3/28/2023 2:25:00 PM,User,_DWG To PDF.pc3,ISO full bleed A3 (420.00 x 297.00 MM),1:1,
D:\RBS Workstation\Plan & Profile\B2 Cantonment\Cantonment Profile.dwg,A08-03-16 -04,3/28/2023 2:25:05 PM,User,_DWG To PDF.pc3,ISO full bleed A3 (420.00 x 297.00 MM),1:1,
D:\RBS Workstation\Plan & Profile\B2 Cantonment\Cantonment Profile.dwg,A08-03-16 -05,3/28/2023 2:25:10 PM,User,_DWG To PDF.pc3,ISO full bleed A3 (420.00 x 297.00 MM),1:1,
D:\RBS Workstation\Plan & Profile\Trunk Line\00.W1_Master Plan_Trunk_Line.dwg,A13-01,3/28/2023 3:55:24 PM,User,_DWG To PDF.pc3,ISO full bleed A3 (420.00 x 297.00 MM),1:1,
D:\RBS Workstation\Plan & Profile\Trunk Line\00.W1_Master Plan_Trunk_Line.dwg,A13-02,3/28/2023 3:55:28 PM,User,_DWG To PDF.pc3,ISO full bleed A3 (420.00 x 297.00 MM),1:1,
D:\RBS Workstation\Plan & Profile\Trunk Line\00.W1_Master Plan_Trunk_Line.dwg,A13-03,3/28/2023 3:55:33 PM,User,_DWG To PDF.pc3,ISO full bleed A3 (420.00 x 297.00 MM),1:1,
D:\RBS Workstation\Plan & Profile\Trunk Line\00.W1_Master Plan_Trunk_Line.dwg,A13-04,3/28/2023 3:55:38 PM,User,_DWG To PDF.pc3,ISO full bleed A3 (420.00 x 297.00 MM),1:1,
D:\RBS Workstation\Plan & Profile\Trunk Line\00.W1_Master Plan_Trunk_Line.dwg,A13-05,3/28/2023 3:55:43 PM,User,_DWG To PDF.pc3,ISO full bleed A3 (420.00 x 297.00 MM),1:1,
D:\RBS Workstation\Plan & Profile\Trunk Line\00.W1_Master Plan_Trunk_Line.dwg,A13-06,3/28/2023 3:55:48 PM,User,_DWG To PDF.pc3,ISO full bleed A3 (420.00 x 297.00 MM),1:1,
D:\RBS Workstation\Plan & Profile\Trunk Line\00.W1_Master Plan_Trunk_Line.dwg,A13-07,3/28/2023 3:55:53 PM,User,_DWG To PDF.pc3,ISO full bleed A3 (420.00 x 297.00 MM),1:1,
D:\RBS Workstation\Plan & Profile\Trunk Line\00.W1_Master Plan_Trunk_Line.dwg,A13-08,3/28/2023 3:55:58 PM,User,_DWG To PDF.pc3,ISO full bleed A3 (420.00 x 297.00 MM),1:1,
D:\RBS Workstation\Plan & Profile\Trunk Line\00.W1_Master Plan_Trunk_Line.dwg,A13-09,3/28/2023 3:56:03 PM,User,_DWG To PDF.pc3,ISO full bleed A3 (420.00 x 297.00 MM),1:1,
D:\RBS Workstation\Plan & Profile\Trunk Line\00.W1_Master Plan_Trunk_Line.dwg,A13-10,3/28/2023 3:56:08 PM,User,_DWG To PDF.pc3,ISO full bleed A3 (420.00 x 297.00 MM),1:1,
D:\RBS Workstation\Plan & Profile\Trunk Line\00.W1_Master Plan_Trunk_Line.dwg,A13-11,3/28/2023 3:56:13 PM,User,_DWG To PDF.pc3,ISO full bleed A3 (420.00 x 297.00 MM),1:1,
D:\RBS Workstation\Plan & Profile\Trunk Line\00.W1_Master Plan_Trunk_Line.dwg,A13-12,3/28/2023 3:56:18 PM,User,_DWG To PDF.pc3,ISO full bleed A3 (420.00 x 297.00 MM),1:1,
D:\RBS Workstation\Plan & Profile\Trunk Line\00.W1_Master Plan_Trunk_Line.dwg,A13-13,3/28/2023 3:56:23 PM,User,_DWG To PDF.pc3,ISO full bleed A3 (420.00 x 297.00 MM),1:1,
D:\RBS Workstation\Plan & Profile\Trunk Line\00.W1_Master Plan_Trunk_Line.dwg,A13-14,3/28/2023 3:56:28 PM,User,_DWG To PDF.pc3,ISO full bleed A3 (420.00 x 297.00 MM),1:1,
D:\RBS Workstation\Plan & Profile\Trunk Line\00.W1_Master Plan_Trunk_Line.dwg,A13-15,3/28/2023 3:56:33 PM,User,_DWG To PDF.pc3,ISO full bleed A3 (420.00 x 297.00 MM),1:1,
D:\RBS Workstation\Plan & Profile\Trunk Line\00.W1_Master Plan_Trunk_Line.dwg,A13-16,3/28/2023 3:56:38 PM,User,_DWG To PDF.pc3,ISO full bleed A3 (420.00 x 297.00 MM),1:1,
D:\RBS Workstation\Plan & Profile\Trunk Line\00.W1_Master Plan_Trunk_Line.dwg,A13-17,3/28/2023 3:56:43 PM,User,_DWG To PDF.pc3,ISO full bleed A3 (420.00 x 297.00 MM),1:1,
D:\RBS Workstation\Plan & Profile\Trunk Line\00.W1_Master Plan_Trunk_Line.dwg,A13-18,3/28/2023 3:56:48 PM,User,_DWG To PDF.pc3,ISO full bleed A3 (420.00 x 297.00 MM),1:1,
D:\RBS Workstation\Plan & Profile\Trunk Line\00.W1_Master Plan_Trunk_Line.dwg,A13-19,3/28/2023 3:56:53 PM,User,_DWG To PDF.pc3,ISO full bleed A3 (420.00 x 297.00 MM),1:1,
D:\RBS Workstation\Plan & Profile\Trunk Line\00.W1_Master Plan_Trunk_Line.dwg,A13-20,3/28/2023 3:56:58 PM,User,_DWG To PDF.pc3,ISO full bleed A3 (420.00 x 297.00 MM),1:1,
D:\RBS Workstation\Plan & Profile\Trunk Line\00.W1_Master Plan_Trunk_Line.dwg,A13-21,3/28/2023 3:57:03 PM,User,_DWG To PDF.pc3,ISO full bleed A3 (420.00 x 297.00 MM),1:1,
D:\RBS Workstation\Plan & Profile\Trunk Line\00.W1_Master Plan_Trunk_Line.dwg,A13-22,3/28/2023 3:57:08 PM,User,_DWG To PDF.pc3,ISO full bleed A3 (420.00 x 297.00 MM),1:1,
D:\RBS Workstation\Plan & Profile\Trunk Line\00.W1_Master Plan_Trunk_Line.dwg,A13-23,3/28/2023 3:57:13 PM,User,_DWG To PDF.pc3,ISO full bleed A3 (420.00 x 297.00 MM),1:1,
D:\RBS Workstation\Plan & Profile\Trunk Line\00.W1_Master Plan_Trunk_Line.dwg,A13-24,3/28/2023 3:57:18 PM,User,_DWG To PDF.pc3,ISO full bleed A3 (420.00 x 297.00 MM),1:1,
D:\RBS Workstation\Plan & Profile\Trunk Line\00.W1_Master Plan_Trunk_Line.dwg,A13-25,3/28/2023 3:57:23 PM,User,_DWG To PDF.pc3,ISO full bleed A3 (420.00 x 297.00 MM),1:1,
D:\RBS Workstation\Plan & Profile\Trunk Line\00.W1_Master Plan_Trunk_Line.dwg,A13-26,3/28/2023 3:57:28 PM,User,_DWG To PDF.pc3,ISO full bleed A3 (420.00 x 297.00 MM),1:1,
D:\RBS Workstation\Plan & Profile\Trunk Line\00.W1_Master Plan_Trunk_Line.dwg,A13-27,3/28/2023 3:57:33 PM,User,_DWG To PDF.pc3,ISO full bleed A3 (420.00 x 297.00 MM),1:1,
D:\RBS Workstation\Plan & Profile\Trunk Line\00.W1_Master Plan_Trunk_Line.dwg,A13-28,3/28/2023 3:57:38 PM,User,_DWG To PDF.pc3,ISO full bleed A3 (420.00 x 297.00 MM),1:1,
D:\RBS Workstation\Plan & Profile\Trunk Line\00.W1_Master Plan_Trunk_Line.dwg,A13-29,3/28/2023 3:57:43 PM,User,_DWG To PDF.pc3,ISO full bleed A3 (420.00 x 297.00 MM),1:1,
D:\RBS Workstation\Plan & Profile\Trunk Line\00.W1_Master Plan_Trunk_Line.dwg,A13-30,3/28/2023 3:57:48 PM,User,_DWG To PDF.pc3,ISO full bleed A3 (420.00 x 297.00 MM),1:1,
D:\RBS Workstation\Plan & Profile\Trunk Line\00.W1_Master Plan_Trunk_Line.dwg,A13-31,3/28/2023 3:57:53 PM,User,_DWG To PDF.pc3,ISO full bleed A3 (420.00 x 297.00 MM),1:1,
D:\RBS Workstation\Plan & Profile\Trunk Line\00.W1_Master Plan_Trunk_Line.dwg,A13-32,3/28/2023 3:57:58 PM,User,_DWG To PDF.pc3,ISO full bleed A3 (420.00 x 297.00 MM),1:1,
D:\RBS Workstation\Plan & Profile\Trunk Line\00.W1_Master Plan_Trunk_Line.dwg,A13-33,3/28/2023 3:58:03 PM,User,_DWG To PDF.pc3,ISO full bleed A3 (420.00 x 297.00 MM),1:1,
D:\RBS Workstation\Plan & Profile\Trunk Line\00.W1_Master Plan_Trunk_Line.dwg,A13-34,3/28/2023 3:58:08 PM,User,_DWG To PDF.pc3,ISO full bleed A3 (420.00 x 297.00 MM),1:1,
D:\RBS Workstation\Plan & Profile\Trunk Line\00.W1_Master Plan_Trunk_Line.dwg,A13-35,3/28/2023 3:58:13 PM,User,_DWG To PDF.pc3,ISO full bleed A3 (420.00 x 297.00 MM),1:1,
D:\RBS Workstation\Plan & Profile\Trunk Line\00.W1_Master Plan_Trunk_Line.dwg,A13-36,3/28/2023 3:58:18 PM,User,_DWG To PDF.pc3,ISO full bleed A3 (420.00 x 297.00 MM),1:1,
D:\RBS Workstation\Plan & Profile\Trunk Line\00.W1_Master Plan_Trunk_Line.dwg,A13-37,3/28/2023 3:58:23 PM,User,_DWG To PDF.pc3,ISO full bleed A3 (420.00 x 297.00 MM),1:1,
D:\RBS Workstation\Plan & Profile\Trunk Line\00.W1_Master Plan_Trunk_Line.dwg,A13-38,3/28/2023 3:58:28 PM,User,_DWG To PDF.pc3,ISO full bleed A3 (420.00 x 297.00 MM),1:1,
D:\RBS Workstation\Plan & Profile\Trunk Line\00.W1_Master Plan_Trunk_Line.dwg,A13-39,3/28/2023 3:58:33 PM,User,_DWG To PDF.pc3,ISO full bleed A3 (420.00 x 297.00 MM),1:1,
D:\RBS Workstation\Plan & Profile\Trunk Line\00.W1_Master Plan_Trunk_Line.dwg,A13-40,3/28/2023 3:58:38 PM,User,_DWG To PDF.pc3,ISO full bleed A3 (420.00 x 297.00 MM),1:1,
D:\RBS Workstation\Plan & Profile\Trunk Line\00.W1_Master Plan_Trunk_Line.dwg,A13-41,3/28/2023 3:58:43 PM,User,_DWG To PDF.pc3,ISO full bleed A3 (420.00 x 297.00 MM),1:1,
D:\RBS Workstation\Plan & Profile\Trunk Line\00.W1_Master Plan_Trunk_Line.dwg,A13-42,3/28/2023 3:58:48 PM,User,_DWG To PDF.pc3,ISO full bleed A3 (420.00 x 297.00 MM),1:1,
D:\RBS Workstation\Plan & Profile\Trunk Line\00.W1_Master Plan_Trunk_Line.dwg,A13-43,3/28/2023 3:58:53 PM,User,_DWG To PDF.pc3,ISO full bleed A3 (420.00 x 297.00 MM),1:1,
D:\RBS Workstation\Plan & Profile\Trunk Line\00.W1_Master Plan_Trunk_Line.dwg,A13-44,3/28/2023 3:58:58 PM,User,_DWG To PDF.pc3,ISO full bleed A3 (420.00 x 297.00 MM),1:1,
D:\RBS Workstation\Plan & Profile\Trunk Line\00.W1_Master Plan_Trunk_Line.dwg,A13-45,3/28/2023 3:59:03 PM,User,_DWG To PDF.pc3,ISO full bleed A3 (420.00 x 297.00 MM),1:1,
D:\RBS Workstation\Plan & Profile\Trunk Line\00.W1_Master Plan_Trunk_Line.dwg,A13-46,3/28/2023 3:59:08 PM,User,_DWG To PDF.pc3,ISO full bleed A3 (420.00 x 297.00 MM),1:1,
D:\RBS Workstation\Plan & Profile\Trunk Line\00.W1_Master Plan_Trunk_Line.dwg,A13-47,3/28/2023 3:59:13 PM,User,_DWG To PDF.pc3,ISO full bleed A3 (420.00 x 297.00 MM),1:1,
D:\RBS Workstation\Plan & Profile\Trunk Line\00.W1_Master Plan_Trunk_Line.dwg,A13-48,3/28/2023 3:59:18 PM,User,_DWG To PDF.pc3,ISO full bleed A3 (420.00 x 297.00 MM),1:1,
D:\RBS Workstation\Plan & Profile\Trunk Line\00.W1_Master Plan_Trunk_Line.dwg,A13-49,3/28/2023 3:59:23 PM,User,_DWG To PDF.pc3,ISO full bleed A3 (420.00 x 297.00 MM),1:1,
D:\RBS Workstation\Plan & Profile\Trunk Line\00.W1_Master Plan_Trunk_Line.dwg,A16-01,3/28/2023 3:59:28 PM,User,_DWG To PDF.pc3,ISO full bleed A3 (420.00 x 297.00 MM),1:1,
D:\RBS Workstation\Plan & Profile\Trunk Line\00.W1_Master Plan_Trunk_Line.dwg,A16-02,3/28/2023 3:59:33 PM,User,_DWG To PDF.pc3,ISO full bleed A3 (420.00 x 297.00 MM),1:1,
D:\RBS Workstation\Plan & Profile\Trunk Line\00.W1_Master Plan_Trunk_Line.dwg,A16-03,3/28/2023 3:59:38 PM,User,_DWG To PDF.pc3,ISO full bleed A3 (420.00 x 297.00 MM),1:1,
D:\RBS Workstation\Plan & Profile\Trunk Line\00.W1_Master Plan_Trunk_Line.dwg,A16-04,3/28/2023 3:59:43 PM,User,_DWG To PDF.pc3,ISO full bleed A3 (420.00 x 297.00 MM),1:1,
D:\RBS Workstation\Plan & Profile\Trunk Line\00.W1_Master Plan_Trunk_Line.dwg,A16-05,3/28/2023 3:59:48 PM,User,_DWG To PDF.pc3,ISO full bleed A3 (420.00 x 297.00 MM),1:1,
D:\RBS Workstation\Plan & Profile\Trunk Line\00.W1_Master Plan_Trunk_Line.dwg,A16-06,3/28/2023 3:59:53 PM,User,_DWG To PDF.pc3,ISO full bleed A3 (420.00 x 297.00 MM),1:1,
D:\RBS Workstation\Plan & Profile\Trunk Line\00.W1_Master Plan_Trunk_Line.dwg,B01-01,3/28/2023 3:59:58 PM,User,_DWG To PDF.pc3,ISO full bleed A3 (420.00 x 297.00 MM),1:1,
D:\RBS Workstation\Plan & Profile\Trunk Line\00.W1_Master Plan_Trunk_Line.dwg,B01-02,3/28/2023 4:00:03 PM,User,_DWG To PDF.pc3,ISO full bleed A3 (420.00 x 297.00 MM),1:1,
